------------------------------
Tue Jan 09 2018 2:58:55 PM
GET /login
HEADERS=> {
  "host": "localhost:5000",
  "connection": "keep-alive",
  "cache-control": "max-age=0",
  "user-agent": "Mozilla/5.0 (Macintosh; Intel Mac OS X 10_11_6) AppleWebKit/537.36 (KHTML, like Gecko) Chrome/63.0.3239.84 Safari/537.36",
  "upgrade-insecure-requests": "1",
  "accept": "text/html,application/xhtml+xml,application/xml;q=0.9,image/webp,image/apng,*/*;q=0.8",
  "accept-encoding": "gzip, deflate, br",
  "accept-language": "en-US,en;q=0.9",
  "cookie": "logInFailed=true; loginFailed=false,Expires=Thu, 01 Jan 1970 00:00:00 GMT; sessionid=0,Expires=Thu, 01 Jan 1970 00:00:00 GMT"
}
COOKIES=> {
  "logInFailed": "true",
  "loginFailed": "false,Expires",
  "sessionid": "0,Expires"
}
BODY=> {}
------------------------------
Tue Jan 09 2018 2:59:00 PM
GET /login
HEADERS=> {
  "host": "localhost:5000",
  "connection": "keep-alive",
  "cache-control": "max-age=0",
  "user-agent": "Mozilla/5.0 (Macintosh; Intel Mac OS X 10_11_6) AppleWebKit/537.36 (KHTML, like Gecko) Chrome/63.0.3239.84 Safari/537.36",
  "upgrade-insecure-requests": "1",
  "accept": "text/html,application/xhtml+xml,application/xml;q=0.9,image/webp,image/apng,*/*;q=0.8",
  "accept-encoding": "gzip, deflate, br",
  "accept-language": "en-US,en;q=0.9",
  "cookie": "logInFailed=true; loginFailed=false,Expires=Thu, 01 Jan 1970 00:00:00 GMT; sessionid=0,Expires=Thu, 01 Jan 1970 00:00:00 GMT"
}
COOKIES=> {
  "logInFailed": "true",
  "loginFailed": "false,Expires",
  "sessionid": "0,Expires"
}
BODY=> {}
------------------------------
Tue Jan 09 2018 3:01:23 PM
GET /
HEADERS=> {
  "host": "localhost:5000",
  "connection": "keep-alive",
  "user-agent": "Mozilla/5.0 (Macintosh; Intel Mac OS X 10_11_6) AppleWebKit/537.36 (KHTML, like Gecko) Chrome/63.0.3239.84 Safari/537.36",
  "upgrade-insecure-requests": "1",
  "accept": "text/html,application/xhtml+xml,application/xml;q=0.9,image/webp,image/apng,*/*;q=0.8",
  "accept-encoding": "gzip, deflate, br",
  "accept-language": "en-US,en;q=0.9",
  "cookie": "logInFailed=true; loginFailed=false,Expires=Thu, 01 Jan 1970 00:00:00 GMT; sessionid=0,Expires=Thu, 01 Jan 1970 00:00:00 GMT"
}
COOKIES=> {
  "logInFailed": "true",
  "loginFailed": "false,Expires",
  "sessionid": "0,Expires"
}
BODY=> {}
------------------------------
Tue Jan 09 2018 3:01:23 PM
GET /login
HEADERS=> {
  "host": "localhost:5000",
  "connection": "keep-alive",
  "user-agent": "Mozilla/5.0 (Macintosh; Intel Mac OS X 10_11_6) AppleWebKit/537.36 (KHTML, like Gecko) Chrome/63.0.3239.84 Safari/537.36",
  "upgrade-insecure-requests": "1",
  "accept": "text/html,application/xhtml+xml,application/xml;q=0.9,image/webp,image/apng,*/*;q=0.8",
  "accept-encoding": "gzip, deflate, br",
  "accept-language": "en-US,en;q=0.9",
  "cookie": "logInFailed=true; loginFailed=false,Expires=Thu, 01 Jan 1970 00:00:00 GMT; sessionid=0,Expires=Thu, 01 Jan 1970 00:00:00 GMT"
}
COOKIES=> {
  "logInFailed": "true",
  "loginFailed": "false,Expires",
  "sessionid": "0,Expires"
}
BODY=> {}
------------------------------
Tue Jan 09 2018 3:02:03 PM
GET /login
HEADERS=> {
  "host": "localhost:5000",
  "connection": "keep-alive",
  "cache-control": "max-age=0",
  "user-agent": "Mozilla/5.0 (Macintosh; Intel Mac OS X 10_11_6) AppleWebKit/537.36 (KHTML, like Gecko) Chrome/63.0.3239.84 Safari/537.36",
  "upgrade-insecure-requests": "1",
  "accept": "text/html,application/xhtml+xml,application/xml;q=0.9,image/webp,image/apng,*/*;q=0.8",
  "accept-encoding": "gzip, deflate, br",
  "accept-language": "en-US,en;q=0.9",
  "cookie": "logInFailed=true; loginFailed=false,Expires=Thu, 01 Jan 1970 00:00:00 GMT; sessionid=0,Expires=Thu, 01 Jan 1970 00:00:00 GMT"
}
COOKIES=> {
  "logInFailed": "true",
  "loginFailed": "false,Expires",
  "sessionid": "0,Expires"
}
BODY=> {}
------------------------------
Tue Jan 09 2018 3:02:08 PM
GET /
HEADERS=> {
  "host": "localhost:5000",
  "connection": "keep-alive",
  "user-agent": "Mozilla/5.0 (Macintosh; Intel Mac OS X 10_11_6) AppleWebKit/537.36 (KHTML, like Gecko) Chrome/63.0.3239.84 Safari/537.36",
  "upgrade-insecure-requests": "1",
  "accept": "text/html,application/xhtml+xml,application/xml;q=0.9,image/webp,image/apng,*/*;q=0.8",
  "accept-encoding": "gzip, deflate, br",
  "accept-language": "en-US,en;q=0.9",
  "cookie": "logInFailed=true; loginFailed=false,Expires=Thu, 01 Jan 1970 00:00:00 GMT; sessionid=0,Expires=Thu, 01 Jan 1970 00:00:00 GMT"
}
COOKIES=> {
  "logInFailed": "true",
  "loginFailed": "false,Expires",
  "sessionid": "0,Expires"
}
BODY=> {}
------------------------------
Tue Jan 09 2018 3:02:08 PM
GET /login
HEADERS=> {
  "host": "localhost:5000",
  "connection": "keep-alive",
  "user-agent": "Mozilla/5.0 (Macintosh; Intel Mac OS X 10_11_6) AppleWebKit/537.36 (KHTML, like Gecko) Chrome/63.0.3239.84 Safari/537.36",
  "upgrade-insecure-requests": "1",
  "accept": "text/html,application/xhtml+xml,application/xml;q=0.9,image/webp,image/apng,*/*;q=0.8",
  "accept-encoding": "gzip, deflate, br",
  "accept-language": "en-US,en;q=0.9",
  "cookie": "logInFailed=true; loginFailed=false,Expires=Thu, 01 Jan 1970 00:00:00 GMT; sessionid=0,Expires=Thu, 01 Jan 1970 00:00:00 GMT"
}
COOKIES=> {
  "logInFailed": "true",
  "loginFailed": "false,Expires",
  "sessionid": "0,Expires"
}
BODY=> {}
------------------------------
Tue Jan 09 2018 3:03:00 PM
GET /
HEADERS=> {
  "host": "localhost:5000",
  "connection": "keep-alive",
  "user-agent": "Mozilla/5.0 (Macintosh; Intel Mac OS X 10_11_6) AppleWebKit/537.36 (KHTML, like Gecko) Chrome/63.0.3239.84 Safari/537.36",
  "upgrade-insecure-requests": "1",
  "accept": "text/html,application/xhtml+xml,application/xml;q=0.9,image/webp,image/apng,*/*;q=0.8",
  "accept-encoding": "gzip, deflate, br",
  "accept-language": "en-US,en;q=0.9",
  "cookie": "logInFailed=true; loginFailed=false,Expires=Thu, 01 Jan 1970 00:00:00 GMT; sessionid=0,Expires=Thu, 01 Jan 1970 00:00:00 GMT"
}
COOKIES=> {
  "logInFailed": "true",
  "loginFailed": "false,Expires",
  "sessionid": "0,Expires"
}
BODY=> {}
------------------------------
Tue Jan 09 2018 3:03:00 PM
GET /login
HEADERS=> {
  "host": "localhost:5000",
  "connection": "keep-alive",
  "user-agent": "Mozilla/5.0 (Macintosh; Intel Mac OS X 10_11_6) AppleWebKit/537.36 (KHTML, like Gecko) Chrome/63.0.3239.84 Safari/537.36",
  "upgrade-insecure-requests": "1",
  "accept": "text/html,application/xhtml+xml,application/xml;q=0.9,image/webp,image/apng,*/*;q=0.8",
  "accept-encoding": "gzip, deflate, br",
  "accept-language": "en-US,en;q=0.9",
  "cookie": "logInFailed=true; loginFailed=false,Expires=Thu, 01 Jan 1970 00:00:00 GMT; sessionid=0,Expires=Thu, 01 Jan 1970 00:00:00 GMT"
}
COOKIES=> {
  "logInFailed": "true",
  "loginFailed": "false,Expires",
  "sessionid": "0,Expires"
}
BODY=> {}
------------------------------
Tue Jan 09 2018 3:18:02 PM
GET /login
HEADERS=> {
  "host": "localhost:5000",
  "connection": "keep-alive",
  "cache-control": "max-age=0",
  "user-agent": "Mozilla/5.0 (Macintosh; Intel Mac OS X 10_11_6) AppleWebKit/537.36 (KHTML, like Gecko) Chrome/63.0.3239.84 Safari/537.36",
  "upgrade-insecure-requests": "1",
  "accept": "text/html,application/xhtml+xml,application/xml;q=0.9,image/webp,image/apng,*/*;q=0.8",
  "accept-encoding": "gzip, deflate, br",
  "accept-language": "en-US,en;q=0.9",
  "cookie": "logInFailed=true; loginFailed=false,Expires=Thu, 01 Jan 1970 00:00:00 GMT; sessionid=0,Expires=Thu, 01 Jan 1970 00:00:00 GMT"
}
COOKIES=> {
  "logInFailed": "true",
  "loginFailed": "false,Expires",
  "sessionid": "0,Expires"
}
BODY=> {}
------------------------------
Tue Jan 09 2018 3:18:03 PM
GET /login
HEADERS=> {
  "host": "localhost:5000",
  "connection": "keep-alive",
  "cache-control": "max-age=0",
  "user-agent": "Mozilla/5.0 (Macintosh; Intel Mac OS X 10_11_6) AppleWebKit/537.36 (KHTML, like Gecko) Chrome/63.0.3239.84 Safari/537.36",
  "upgrade-insecure-requests": "1",
  "accept": "text/html,application/xhtml+xml,application/xml;q=0.9,image/webp,image/apng,*/*;q=0.8",
  "accept-encoding": "gzip, deflate, br",
  "accept-language": "en-US,en;q=0.9",
  "cookie": "logInFailed=true; loginFailed=false,Expires=Thu, 01 Jan 1970 00:00:00 GMT; sessionid=0,Expires=Thu, 01 Jan 1970 00:00:00 GMT"
}
COOKIES=> {
  "logInFailed": "true",
  "loginFailed": "false,Expires",
  "sessionid": "0,Expires"
}
BODY=> {}
------------------------------
Tue Jan 09 2018 3:18:11 PM
GET /login
HEADERS=> {
  "host": "localhost:5000",
  "connection": "keep-alive",
  "cache-control": "max-age=0",
  "user-agent": "Mozilla/5.0 (Macintosh; Intel Mac OS X 10_11_6) AppleWebKit/537.36 (KHTML, like Gecko) Chrome/63.0.3239.84 Safari/537.36",
  "upgrade-insecure-requests": "1",
  "accept": "text/html,application/xhtml+xml,application/xml;q=0.9,image/webp,image/apng,*/*;q=0.8",
  "accept-encoding": "gzip, deflate, br",
  "accept-language": "en-US,en;q=0.9",
  "cookie": "logInFailed=true; loginFailed=false,Expires=Thu, 01 Jan 1970 00:00:00 GMT; sessionid=0,Expires=Thu, 01 Jan 1970 00:00:00 GMT"
}
COOKIES=> {
  "logInFailed": "true",
  "loginFailed": "false,Expires",
  "sessionid": "0,Expires"
}
BODY=> {}
------------------------------
Tue Jan 09 2018 3:20:39 PM
GET /
HEADERS=> {
  "host": "localhost:5000",
  "connection": "keep-alive",
  "cache-control": "max-age=0",
  "user-agent": "Mozilla/5.0 (Macintosh; Intel Mac OS X 10_11_6) AppleWebKit/537.36 (KHTML, like Gecko) Chrome/63.0.3239.84 Safari/537.36",
  "upgrade-insecure-requests": "1",
  "accept": "text/html,application/xhtml+xml,application/xml;q=0.9,image/webp,image/apng,*/*;q=0.8",
  "accept-encoding": "gzip, deflate, br",
  "accept-language": "en-US,en;q=0.9",
  "cookie": "logInFailed=true; loginFailed=false,Expires=Thu, 01 Jan 1970 00:00:00 GMT; sessionid=0,Expires=Thu, 01 Jan 1970 00:00:00 GMT"
}
COOKIES=> {
  "logInFailed": "true",
  "loginFailed": "false,Expires",
  "sessionid": "0,Expires"
}
BODY=> {}
------------------------------
Tue Jan 09 2018 3:20:39 PM
GET /home.html
HEADERS=> {
  "host": "localhost:5000",
  "connection": "keep-alive",
  "cache-control": "max-age=0",
  "user-agent": "Mozilla/5.0 (Macintosh; Intel Mac OS X 10_11_6) AppleWebKit/537.36 (KHTML, like Gecko) Chrome/63.0.3239.84 Safari/537.36",
  "upgrade-insecure-requests": "1",
  "accept": "text/html,application/xhtml+xml,application/xml;q=0.9,image/webp,image/apng,*/*;q=0.8",
  "accept-encoding": "gzip, deflate, br",
  "accept-language": "en-US,en;q=0.9",
  "cookie": "logInFailed=true; loginFailed=false,Expires=Thu, 01 Jan 1970 00:00:00 GMT; sessionid=0,Expires=Thu, 01 Jan 1970 00:00:00 GMT"
}
COOKIES=> {
  "logInFailed": "true",
  "loginFailed": "false,Expires",
  "sessionid": "0,Expires"
}
BODY=> {}
------------------------------
Tue Jan 09 2018 3:23:45 PM
GET /home.html
HEADERS=> {
  "host": "localhost:5000",
  "connection": "keep-alive",
  "cache-control": "max-age=0",
  "user-agent": "Mozilla/5.0 (Macintosh; Intel Mac OS X 10_11_6) AppleWebKit/537.36 (KHTML, like Gecko) Chrome/63.0.3239.84 Safari/537.36",
  "upgrade-insecure-requests": "1",
  "accept": "text/html,application/xhtml+xml,application/xml;q=0.9,image/webp,image/apng,*/*;q=0.8",
  "accept-encoding": "gzip, deflate, br",
  "accept-language": "en-US,en;q=0.9",
  "cookie": "logInFailed=true; loginFailed=false,Expires=Thu, 01 Jan 1970 00:00:00 GMT; sessionid=0,Expires=Thu, 01 Jan 1970 00:00:00 GMT"
}
COOKIES=> {
  "logInFailed": "true",
  "loginFailed": "false,Expires",
  "sessionid": "0,Expires"
}
BODY=> {}
------------------------------
Tue Jan 09 2018 3:25:27 PM
GET /home.html
HEADERS=> {
  "host": "localhost:5000",
  "connection": "keep-alive",
  "cache-control": "max-age=0",
  "user-agent": "Mozilla/5.0 (Macintosh; Intel Mac OS X 10_11_6) AppleWebKit/537.36 (KHTML, like Gecko) Chrome/63.0.3239.84 Safari/537.36",
  "upgrade-insecure-requests": "1",
  "accept": "text/html,application/xhtml+xml,application/xml;q=0.9,image/webp,image/apng,*/*;q=0.8",
  "accept-encoding": "gzip, deflate, br",
  "accept-language": "en-US,en;q=0.9",
  "cookie": "logInFailed=true; loginFailed=false,Expires=Thu, 01 Jan 1970 00:00:00 GMT; sessionid=0,Expires=Thu, 01 Jan 1970 00:00:00 GMT"
}
COOKIES=> {
  "logInFailed": "true",
  "loginFailed": "false,Expires",
  "sessionid": "0,Expires"
}
BODY=> {}
------------------------------
Tue Jan 09 2018 3:26:40 PM
GET /home.html
HEADERS=> {
  "host": "localhost:5000",
  "connection": "keep-alive",
  "cache-control": "max-age=0",
  "user-agent": "Mozilla/5.0 (Macintosh; Intel Mac OS X 10_11_6) AppleWebKit/537.36 (KHTML, like Gecko) Chrome/63.0.3239.84 Safari/537.36",
  "upgrade-insecure-requests": "1",
  "accept": "text/html,application/xhtml+xml,application/xml;q=0.9,image/webp,image/apng,*/*;q=0.8",
  "accept-encoding": "gzip, deflate, br",
  "accept-language": "en-US,en;q=0.9",
  "cookie": "logInFailed=true; loginFailed=false,Expires=Thu, 01 Jan 1970 00:00:00 GMT; sessionid=0,Expires=Thu, 01 Jan 1970 00:00:00 GMT"
}
COOKIES=> {
  "logInFailed": "true",
  "loginFailed": "false,Expires",
  "sessionid": "0,Expires"
}
BODY=> {}
------------------------------
Tue Jan 09 2018 3:26:40 PM
GET /css/style.css
HEADERS=> {
  "host": "localhost:5000",
  "connection": "keep-alive",
  "user-agent": "Mozilla/5.0 (Macintosh; Intel Mac OS X 10_11_6) AppleWebKit/537.36 (KHTML, like Gecko) Chrome/63.0.3239.84 Safari/537.36",
  "accept": "text/css,*/*;q=0.1",
  "referer": "http://localhost:5000/home.html",
  "accept-encoding": "gzip, deflate, br",
  "accept-language": "en-US,en;q=0.9",
  "cookie": "logInFailed=true; loginFailed=false,Expires=Thu, 01 Jan 1970 00:00:00 GMT; sessionid=0,Expires=Thu, 01 Jan 1970 00:00:00 GMT"
}
COOKIES=> {
  "logInFailed": "true",
  "loginFailed": "false,Expires",
  "sessionid": "0,Expires"
}
BODY=> {}
------------------------------
Tue Jan 09 2018 3:26:40 PM
GET /images/freshorigins.jpg
HEADERS=> {
  "host": "localhost:5000",
  "connection": "keep-alive",
  "user-agent": "Mozilla/5.0 (Macintosh; Intel Mac OS X 10_11_6) AppleWebKit/537.36 (KHTML, like Gecko) Chrome/63.0.3239.84 Safari/537.36",
  "accept": "image/webp,image/apng,image/*,*/*;q=0.8",
  "referer": "http://localhost:5000/home.html",
  "accept-encoding": "gzip, deflate, br",
  "accept-language": "en-US,en;q=0.9",
  "cookie": "logInFailed=true; loginFailed=false,Expires=Thu, 01 Jan 1970 00:00:00 GMT; sessionid=0,Expires=Thu, 01 Jan 1970 00:00:00 GMT"
}
COOKIES=> {
  "logInFailed": "true",
  "loginFailed": "false,Expires",
  "sessionid": "0,Expires"
}
BODY=> {}
------------------------------
Tue Jan 09 2018 3:26:40 PM
GET /js/flowerWebsite.js
HEADERS=> {
  "host": "localhost:5000",
  "connection": "keep-alive",
  "user-agent": "Mozilla/5.0 (Macintosh; Intel Mac OS X 10_11_6) AppleWebKit/537.36 (KHTML, like Gecko) Chrome/63.0.3239.84 Safari/537.36",
  "accept": "*/*",
  "referer": "http://localhost:5000/home.html",
  "accept-encoding": "gzip, deflate, br",
  "accept-language": "en-US,en;q=0.9",
  "cookie": "logInFailed=true; loginFailed=false,Expires=Thu, 01 Jan 1970 00:00:00 GMT; sessionid=0,Expires=Thu, 01 Jan 1970 00:00:00 GMT"
}
COOKIES=> {
  "logInFailed": "true",
  "loginFailed": "false,Expires",
  "sessionid": "0,Expires"
}
BODY=> {}
------------------------------
Tue Jan 09 2018 3:26:40 PM
GET /images/animated-flower-image-0021.gif
HEADERS=> {
  "host": "localhost:5000",
  "connection": "keep-alive",
  "user-agent": "Mozilla/5.0 (Macintosh; Intel Mac OS X 10_11_6) AppleWebKit/537.36 (KHTML, like Gecko) Chrome/63.0.3239.84 Safari/537.36",
  "accept": "image/webp,image/apng,image/*,*/*;q=0.8",
  "referer": "http://localhost:5000/home.html",
  "accept-encoding": "gzip, deflate, br",
  "accept-language": "en-US,en;q=0.9",
  "cookie": "logInFailed=true; loginFailed=false,Expires=Thu, 01 Jan 1970 00:00:00 GMT; sessionid=0,Expires=Thu, 01 Jan 1970 00:00:00 GMT"
}
COOKIES=> {
  "logInFailed": "true",
  "loginFailed": "false,Expires",
  "sessionid": "0,Expires"
}
BODY=> {}
------------------------------
Tue Jan 09 2018 3:26:40 PM
GET /images/freshorigins.jpg
HEADERS=> {
  "host": "localhost:5000",
  "connection": "keep-alive",
  "pragma": "no-cache",
  "cache-control": "no-cache",
  "user-agent": "Mozilla/5.0 (Macintosh; Intel Mac OS X 10_11_6) AppleWebKit/537.36 (KHTML, like Gecko) Chrome/63.0.3239.84 Safari/537.36",
  "accept": "image/webp,image/apng,image/*,*/*;q=0.8",
  "referer": "http://localhost:5000/home.html",
  "accept-encoding": "gzip, deflate, br",
  "accept-language": "en-US,en;q=0.9",
  "cookie": "logInFailed=true; loginFailed=false,Expires=Thu, 01 Jan 1970 00:00:00 GMT; sessionid=0,Expires=Thu, 01 Jan 1970 00:00:00 GMT"
}
COOKIES=> {
  "logInFailed": "true",
  "loginFailed": "false,Expires",
  "sessionid": "0,Expires"
}
BODY=> {}
------------------------------
Tue Jan 09 2018 3:27:03 PM
GET /Abeliophyllum.html
HEADERS=> {
  "host": "localhost:5000",
  "connection": "keep-alive",
  "upgrade-insecure-requests": "1",
  "user-agent": "Mozilla/5.0 (Macintosh; Intel Mac OS X 10_11_6) AppleWebKit/537.36 (KHTML, like Gecko) Chrome/63.0.3239.84 Safari/537.36",
  "accept": "text/html,application/xhtml+xml,application/xml;q=0.9,image/webp,image/apng,*/*;q=0.8",
  "referer": "http://localhost:5000/home.html",
  "accept-encoding": "gzip, deflate, br",
  "accept-language": "en-US,en;q=0.9",
  "cookie": "logInFailed=true; loginFailed=false,Expires=Thu, 01 Jan 1970 00:00:00 GMT; sessionid=0,Expires=Thu, 01 Jan 1970 00:00:00 GMT"
}
COOKIES=> {
  "logInFailed": "true",
  "loginFailed": "false,Expires",
  "sessionid": "0,Expires"
}
BODY=> {}
------------------------------
Tue Jan 09 2018 3:27:06 PM
GET /Ageratum.html
HEADERS=> {
  "host": "localhost:5000",
  "connection": "keep-alive",
  "upgrade-insecure-requests": "1",
  "user-agent": "Mozilla/5.0 (Macintosh; Intel Mac OS X 10_11_6) AppleWebKit/537.36 (KHTML, like Gecko) Chrome/63.0.3239.84 Safari/537.36",
  "accept": "text/html,application/xhtml+xml,application/xml;q=0.9,image/webp,image/apng,*/*;q=0.8",
  "referer": "http://localhost:5000/home.html",
  "accept-encoding": "gzip, deflate, br",
  "accept-language": "en-US,en;q=0.9",
  "cookie": "logInFailed=true; loginFailed=false,Expires=Thu, 01 Jan 1970 00:00:00 GMT; sessionid=0,Expires=Thu, 01 Jan 1970 00:00:00 GMT"
}
COOKIES=> {
  "logInFailed": "true",
  "loginFailed": "false,Expires",
  "sessionid": "0,Expires"
}
BODY=> {}
------------------------------
Tue Jan 09 2018 3:27:07 PM
GET /guestPage.html
HEADERS=> {
  "host": "localhost:5000",
  "connection": "keep-alive",
  "upgrade-insecure-requests": "1",
  "user-agent": "Mozilla/5.0 (Macintosh; Intel Mac OS X 10_11_6) AppleWebKit/537.36 (KHTML, like Gecko) Chrome/63.0.3239.84 Safari/537.36",
  "accept": "text/html,application/xhtml+xml,application/xml;q=0.9,image/webp,image/apng,*/*;q=0.8",
  "referer": "http://localhost:5000/home.html",
  "accept-encoding": "gzip, deflate, br",
  "accept-language": "en-US,en;q=0.9",
  "cookie": "logInFailed=true; loginFailed=false,Expires=Thu, 01 Jan 1970 00:00:00 GMT; sessionid=0,Expires=Thu, 01 Jan 1970 00:00:00 GMT"
}
COOKIES=> {
  "logInFailed": "true",
  "loginFailed": "false,Expires",
  "sessionid": "0,Expires"
}
BODY=> {}
------------------------------
Tue Jan 09 2018 3:28:31 PM
GET /home
HEADERS=> {
  "host": "localhost:5000",
  "connection": "keep-alive",
  "user-agent": "Mozilla/5.0 (Macintosh; Intel Mac OS X 10_11_6) AppleWebKit/537.36 (KHTML, like Gecko) Chrome/63.0.3239.84 Safari/537.36",
  "upgrade-insecure-requests": "1",
  "accept": "text/html,application/xhtml+xml,application/xml;q=0.9,image/webp,image/apng,*/*;q=0.8",
  "accept-encoding": "gzip, deflate, br",
  "accept-language": "en-US,en;q=0.9",
  "cookie": "logInFailed=true; loginFailed=false,Expires=Thu, 01 Jan 1970 00:00:00 GMT; sessionid=0,Expires=Thu, 01 Jan 1970 00:00:00 GMT"
}
COOKIES=> {
  "logInFailed": "true",
  "loginFailed": "false,Expires",
  "sessionid": "0,Expires"
}
BODY=> {}
------------------------------
Tue Jan 09 2018 3:28:31 PM
GET /home.html
HEADERS=> {
  "host": "localhost:5000",
  "connection": "keep-alive",
  "user-agent": "Mozilla/5.0 (Macintosh; Intel Mac OS X 10_11_6) AppleWebKit/537.36 (KHTML, like Gecko) Chrome/63.0.3239.84 Safari/537.36",
  "upgrade-insecure-requests": "1",
  "accept": "text/html,application/xhtml+xml,application/xml;q=0.9,image/webp,image/apng,*/*;q=0.8",
  "accept-encoding": "gzip, deflate, br",
  "accept-language": "en-US,en;q=0.9",
  "cookie": "logInFailed=true; loginFailed=false,Expires=Thu, 01 Jan 1970 00:00:00 GMT; sessionid=0,Expires=Thu, 01 Jan 1970 00:00:00 GMT"
}
COOKIES=> {
  "logInFailed": "true",
  "loginFailed": "false,Expires",
  "sessionid": "0,Expires"
}
BODY=> {}
------------------------------
Tue Jan 09 2018 3:28:31 PM
GET /css/style.css
HEADERS=> {
  "host": "localhost:5000",
  "connection": "keep-alive",
  "user-agent": "Mozilla/5.0 (Macintosh; Intel Mac OS X 10_11_6) AppleWebKit/537.36 (KHTML, like Gecko) Chrome/63.0.3239.84 Safari/537.36",
  "accept": "text/css,*/*;q=0.1",
  "referer": "http://localhost:5000/home.html",
  "accept-encoding": "gzip, deflate, br",
  "accept-language": "en-US,en;q=0.9",
  "cookie": "logInFailed=true; loginFailed=false,Expires=Thu, 01 Jan 1970 00:00:00 GMT; sessionid=0,Expires=Thu, 01 Jan 1970 00:00:00 GMT"
}
COOKIES=> {
  "logInFailed": "true",
  "loginFailed": "false,Expires",
  "sessionid": "0,Expires"
}
BODY=> {}
------------------------------
Tue Jan 09 2018 3:28:31 PM
GET /images/freshorigins.jpg
HEADERS=> {
  "host": "localhost:5000",
  "connection": "keep-alive",
  "user-agent": "Mozilla/5.0 (Macintosh; Intel Mac OS X 10_11_6) AppleWebKit/537.36 (KHTML, like Gecko) Chrome/63.0.3239.84 Safari/537.36",
  "accept": "image/webp,image/apng,image/*,*/*;q=0.8",
  "referer": "http://localhost:5000/home.html",
  "accept-encoding": "gzip, deflate, br",
  "accept-language": "en-US,en;q=0.9",
  "cookie": "logInFailed=true; loginFailed=false,Expires=Thu, 01 Jan 1970 00:00:00 GMT; sessionid=0,Expires=Thu, 01 Jan 1970 00:00:00 GMT"
}
COOKIES=> {
  "logInFailed": "true",
  "loginFailed": "false,Expires",
  "sessionid": "0,Expires"
}
BODY=> {}
------------------------------
Tue Jan 09 2018 3:28:31 PM
GET /js/flowerWebsite.js
HEADERS=> {
  "host": "localhost:5000",
  "connection": "keep-alive",
  "user-agent": "Mozilla/5.0 (Macintosh; Intel Mac OS X 10_11_6) AppleWebKit/537.36 (KHTML, like Gecko) Chrome/63.0.3239.84 Safari/537.36",
  "accept": "*/*",
  "referer": "http://localhost:5000/home.html",
  "accept-encoding": "gzip, deflate, br",
  "accept-language": "en-US,en;q=0.9",
  "cookie": "logInFailed=true; loginFailed=false,Expires=Thu, 01 Jan 1970 00:00:00 GMT; sessionid=0,Expires=Thu, 01 Jan 1970 00:00:00 GMT"
}
COOKIES=> {
  "logInFailed": "true",
  "loginFailed": "false,Expires",
  "sessionid": "0,Expires"
}
BODY=> {}
------------------------------
Tue Jan 09 2018 3:28:31 PM
GET /images/animated-flower-image-0021.gif
HEADERS=> {
  "host": "localhost:5000",
  "connection": "keep-alive",
  "user-agent": "Mozilla/5.0 (Macintosh; Intel Mac OS X 10_11_6) AppleWebKit/537.36 (KHTML, like Gecko) Chrome/63.0.3239.84 Safari/537.36",
  "accept": "image/webp,image/apng,image/*,*/*;q=0.8",
  "referer": "http://localhost:5000/home.html",
  "accept-encoding": "gzip, deflate, br",
  "accept-language": "en-US,en;q=0.9",
  "cookie": "logInFailed=true; loginFailed=false,Expires=Thu, 01 Jan 1970 00:00:00 GMT; sessionid=0,Expires=Thu, 01 Jan 1970 00:00:00 GMT"
}
COOKIES=> {
  "logInFailed": "true",
  "loginFailed": "false,Expires",
  "sessionid": "0,Expires"
}
BODY=> {}
------------------------------
Tue Jan 09 2018 3:28:39 PM
GET /logout
HEADERS=> {
  "host": "localhost:5000",
  "connection": "keep-alive",
  "user-agent": "Mozilla/5.0 (Macintosh; Intel Mac OS X 10_11_6) AppleWebKit/537.36 (KHTML, like Gecko) Chrome/63.0.3239.84 Safari/537.36",
  "upgrade-insecure-requests": "1",
  "accept": "text/html,application/xhtml+xml,application/xml;q=0.9,image/webp,image/apng,*/*;q=0.8",
  "accept-encoding": "gzip, deflate, br",
  "accept-language": "en-US,en;q=0.9",
  "cookie": "logInFailed=true; loginFailed=false,Expires=Thu, 01 Jan 1970 00:00:00 GMT; sessionid=0,Expires=Thu, 01 Jan 1970 00:00:00 GMT"
}
COOKIES=> {
  "logInFailed": "true",
  "loginFailed": "false,Expires",
  "sessionid": "0,Expires"
}
BODY=> {}
------------------------------
Tue Jan 09 2018 3:28:39 PM
GET /home.html
HEADERS=> {
  "host": "localhost:5000",
  "connection": "keep-alive",
  "user-agent": "Mozilla/5.0 (Macintosh; Intel Mac OS X 10_11_6) AppleWebKit/537.36 (KHTML, like Gecko) Chrome/63.0.3239.84 Safari/537.36",
  "upgrade-insecure-requests": "1",
  "accept": "text/html,application/xhtml+xml,application/xml;q=0.9,image/webp,image/apng,*/*;q=0.8",
  "accept-encoding": "gzip, deflate, br",
  "accept-language": "en-US,en;q=0.9",
  "cookie": "logInFailed=true; loginFailed=false,Expires=Thu, 01 Jan 1970 00:00:00 GMT; sessionid=0,Expires=Thu, 01 Jan 1970 00:00:00 GMT"
}
COOKIES=> {
  "logInFailed": "true",
  "loginFailed": "false,Expires",
  "sessionid": "0,Expires"
}
BODY=> {}
------------------------------
Tue Jan 09 2018 3:28:39 PM
GET /css/style.css
HEADERS=> {
  "host": "localhost:5000",
  "connection": "keep-alive",
  "user-agent": "Mozilla/5.0 (Macintosh; Intel Mac OS X 10_11_6) AppleWebKit/537.36 (KHTML, like Gecko) Chrome/63.0.3239.84 Safari/537.36",
  "accept": "text/css,*/*;q=0.1",
  "referer": "http://localhost:5000/home.html",
  "accept-encoding": "gzip, deflate, br",
  "accept-language": "en-US,en;q=0.9",
  "cookie": "logInFailed=true; loginFailed=false,Expires=Thu, 01 Jan 1970 00:00:00 GMT; sessionid=0,Expires=Thu, 01 Jan 1970 00:00:00 GMT"
}
COOKIES=> {
  "logInFailed": "true",
  "loginFailed": "false,Expires",
  "sessionid": "0,Expires"
}
BODY=> {}
------------------------------
Tue Jan 09 2018 3:28:39 PM
GET /images/freshorigins.jpg
HEADERS=> {
  "host": "localhost:5000",
  "connection": "keep-alive",
  "user-agent": "Mozilla/5.0 (Macintosh; Intel Mac OS X 10_11_6) AppleWebKit/537.36 (KHTML, like Gecko) Chrome/63.0.3239.84 Safari/537.36",
  "accept": "image/webp,image/apng,image/*,*/*;q=0.8",
  "referer": "http://localhost:5000/home.html",
  "accept-encoding": "gzip, deflate, br",
  "accept-language": "en-US,en;q=0.9",
  "cookie": "logInFailed=true; loginFailed=false,Expires=Thu, 01 Jan 1970 00:00:00 GMT; sessionid=0,Expires=Thu, 01 Jan 1970 00:00:00 GMT"
}
COOKIES=> {
  "logInFailed": "true",
  "loginFailed": "false,Expires",
  "sessionid": "0,Expires"
}
BODY=> {}
------------------------------
Tue Jan 09 2018 3:28:39 PM
GET /js/flowerWebsite.js
HEADERS=> {
  "host": "localhost:5000",
  "connection": "keep-alive",
  "user-agent": "Mozilla/5.0 (Macintosh; Intel Mac OS X 10_11_6) AppleWebKit/537.36 (KHTML, like Gecko) Chrome/63.0.3239.84 Safari/537.36",
  "accept": "*/*",
  "referer": "http://localhost:5000/home.html",
  "accept-encoding": "gzip, deflate, br",
  "accept-language": "en-US,en;q=0.9",
  "cookie": "logInFailed=true; loginFailed=false,Expires=Thu, 01 Jan 1970 00:00:00 GMT; sessionid=0,Expires=Thu, 01 Jan 1970 00:00:00 GMT"
}
COOKIES=> {
  "logInFailed": "true",
  "loginFailed": "false,Expires",
  "sessionid": "0,Expires"
}
BODY=> {}
------------------------------
Tue Jan 09 2018 3:28:39 PM
GET /images/animated-flower-image-0021.gif
HEADERS=> {
  "host": "localhost:5000",
  "connection": "keep-alive",
  "user-agent": "Mozilla/5.0 (Macintosh; Intel Mac OS X 10_11_6) AppleWebKit/537.36 (KHTML, like Gecko) Chrome/63.0.3239.84 Safari/537.36",
  "accept": "image/webp,image/apng,image/*,*/*;q=0.8",
  "referer": "http://localhost:5000/home.html",
  "accept-encoding": "gzip, deflate, br",
  "accept-language": "en-US,en;q=0.9",
  "cookie": "logInFailed=true; loginFailed=false,Expires=Thu, 01 Jan 1970 00:00:00 GMT; sessionid=0,Expires=Thu, 01 Jan 1970 00:00:00 GMT"
}
COOKIES=> {
  "logInFailed": "true",
  "loginFailed": "false,Expires",
  "sessionid": "0,Expires"
}
BODY=> {}
------------------------------
Tue Jan 09 2018 3:28:45 PM
GET /login
HEADERS=> {
  "host": "localhost:5000",
  "connection": "keep-alive",
  "user-agent": "Mozilla/5.0 (Macintosh; Intel Mac OS X 10_11_6) AppleWebKit/537.36 (KHTML, like Gecko) Chrome/63.0.3239.84 Safari/537.36",
  "upgrade-insecure-requests": "1",
  "accept": "text/html,application/xhtml+xml,application/xml;q=0.9,image/webp,image/apng,*/*;q=0.8",
  "accept-encoding": "gzip, deflate, br",
  "accept-language": "en-US,en;q=0.9",
  "cookie": "logInFailed=true; loginFailed=false,Expires=Thu, 01 Jan 1970 00:00:00 GMT; sessionid=0,Expires=Thu, 01 Jan 1970 00:00:00 GMT"
}
COOKIES=> {
  "logInFailed": "true",
  "loginFailed": "false,Expires",
  "sessionid": "0,Expires"
}
BODY=> {}
------------------------------
Tue Jan 09 2018 3:28:57 PM
GET /logout
HEADERS=> {
  "host": "localhost:5000",
  "connection": "keep-alive",
  "user-agent": "Mozilla/5.0 (Macintosh; Intel Mac OS X 10_11_6) AppleWebKit/537.36 (KHTML, like Gecko) Chrome/63.0.3239.84 Safari/537.36",
  "upgrade-insecure-requests": "1",
  "accept": "text/html,application/xhtml+xml,application/xml;q=0.9,image/webp,image/apng,*/*;q=0.8",
  "accept-encoding": "gzip, deflate, br",
  "accept-language": "en-US,en;q=0.9",
  "cookie": "logInFailed=true; loginFailed=false,Expires=Thu, 01 Jan 1970 00:00:00 GMT; sessionid=0,Expires=Thu, 01 Jan 1970 00:00:00 GMT"
}
COOKIES=> {
  "logInFailed": "true",
  "loginFailed": "false,Expires",
  "sessionid": "0,Expires"
}
BODY=> {}
------------------------------
Tue Jan 09 2018 3:28:57 PM
GET /home.html
HEADERS=> {
  "host": "localhost:5000",
  "connection": "keep-alive",
  "user-agent": "Mozilla/5.0 (Macintosh; Intel Mac OS X 10_11_6) AppleWebKit/537.36 (KHTML, like Gecko) Chrome/63.0.3239.84 Safari/537.36",
  "upgrade-insecure-requests": "1",
  "accept": "text/html,application/xhtml+xml,application/xml;q=0.9,image/webp,image/apng,*/*;q=0.8",
  "accept-encoding": "gzip, deflate, br",
  "accept-language": "en-US,en;q=0.9",
  "cookie": "logInFailed=true; loginFailed=false,Expires=Thu, 01 Jan 1970 00:00:00 GMT; sessionid=0,Expires=Thu, 01 Jan 1970 00:00:00 GMT"
}
COOKIES=> {
  "logInFailed": "true",
  "loginFailed": "false,Expires",
  "sessionid": "0,Expires"
}
BODY=> {}
------------------------------
Tue Jan 09 2018 3:28:57 PM
GET /css/style.css
HEADERS=> {
  "host": "localhost:5000",
  "connection": "keep-alive",
  "user-agent": "Mozilla/5.0 (Macintosh; Intel Mac OS X 10_11_6) AppleWebKit/537.36 (KHTML, like Gecko) Chrome/63.0.3239.84 Safari/537.36",
  "accept": "text/css,*/*;q=0.1",
  "referer": "http://localhost:5000/home.html",
  "accept-encoding": "gzip, deflate, br",
  "accept-language": "en-US,en;q=0.9",
  "cookie": "logInFailed=true; loginFailed=false,Expires=Thu, 01 Jan 1970 00:00:00 GMT; sessionid=0,Expires=Thu, 01 Jan 1970 00:00:00 GMT"
}
COOKIES=> {
  "logInFailed": "true",
  "loginFailed": "false,Expires",
  "sessionid": "0,Expires"
}
BODY=> {}
------------------------------
Tue Jan 09 2018 3:28:57 PM
GET /images/freshorigins.jpg
HEADERS=> {
  "host": "localhost:5000",
  "connection": "keep-alive",
  "user-agent": "Mozilla/5.0 (Macintosh; Intel Mac OS X 10_11_6) AppleWebKit/537.36 (KHTML, like Gecko) Chrome/63.0.3239.84 Safari/537.36",
  "accept": "image/webp,image/apng,image/*,*/*;q=0.8",
  "referer": "http://localhost:5000/home.html",
  "accept-encoding": "gzip, deflate, br",
  "accept-language": "en-US,en;q=0.9",
  "cookie": "logInFailed=true; loginFailed=false,Expires=Thu, 01 Jan 1970 00:00:00 GMT; sessionid=0,Expires=Thu, 01 Jan 1970 00:00:00 GMT"
}
COOKIES=> {
  "logInFailed": "true",
  "loginFailed": "false,Expires",
  "sessionid": "0,Expires"
}
BODY=> {}
------------------------------
Tue Jan 09 2018 3:28:57 PM
GET /js/flowerWebsite.js
HEADERS=> {
  "host": "localhost:5000",
  "connection": "keep-alive",
  "user-agent": "Mozilla/5.0 (Macintosh; Intel Mac OS X 10_11_6) AppleWebKit/537.36 (KHTML, like Gecko) Chrome/63.0.3239.84 Safari/537.36",
  "accept": "*/*",
  "referer": "http://localhost:5000/home.html",
  "accept-encoding": "gzip, deflate, br",
  "accept-language": "en-US,en;q=0.9",
  "cookie": "logInFailed=true; loginFailed=false,Expires=Thu, 01 Jan 1970 00:00:00 GMT; sessionid=0,Expires=Thu, 01 Jan 1970 00:00:00 GMT"
}
COOKIES=> {
  "logInFailed": "true",
  "loginFailed": "false,Expires",
  "sessionid": "0,Expires"
}
BODY=> {}
------------------------------
Tue Jan 09 2018 3:28:57 PM
GET /images/animated-flower-image-0021.gif
HEADERS=> {
  "host": "localhost:5000",
  "connection": "keep-alive",
  "user-agent": "Mozilla/5.0 (Macintosh; Intel Mac OS X 10_11_6) AppleWebKit/537.36 (KHTML, like Gecko) Chrome/63.0.3239.84 Safari/537.36",
  "accept": "image/webp,image/apng,image/*,*/*;q=0.8",
  "referer": "http://localhost:5000/home.html",
  "accept-encoding": "gzip, deflate, br",
  "accept-language": "en-US,en;q=0.9",
  "cookie": "logInFailed=true; loginFailed=false,Expires=Thu, 01 Jan 1970 00:00:00 GMT; sessionid=0,Expires=Thu, 01 Jan 1970 00:00:00 GMT"
}
COOKIES=> {
  "logInFailed": "true",
  "loginFailed": "false,Expires",
  "sessionid": "0,Expires"
}
BODY=> {}
------------------------------
Tue Jan 09 2018 3:32:33 PM
GET /home.html
HEADERS=> {
  "host": "localhost:5000",
  "connection": "keep-alive",
  "cache-control": "max-age=0",
  "user-agent": "Mozilla/5.0 (Macintosh; Intel Mac OS X 10_11_6) AppleWebKit/537.36 (KHTML, like Gecko) Chrome/63.0.3239.84 Safari/537.36",
  "upgrade-insecure-requests": "1",
  "accept": "text/html,application/xhtml+xml,application/xml;q=0.9,image/webp,image/apng,*/*;q=0.8",
  "accept-encoding": "gzip, deflate, br",
  "accept-language": "en-US,en;q=0.9",
  "cookie": "logInFailed=true; loginFailed=false,Expires=Thu, 01 Jan 1970 00:00:00 GMT; sessionid=0,Expires=Thu, 01 Jan 1970 00:00:00 GMT"
}
COOKIES=> {
  "logInFailed": "true",
  "loginFailed": "false,Expires",
  "sessionid": "0,Expires"
}
BODY=> {}
------------------------------
Tue Jan 09 2018 3:32:33 PM
GET /css/style.css
HEADERS=> {
  "host": "localhost:5000",
  "connection": "keep-alive",
  "user-agent": "Mozilla/5.0 (Macintosh; Intel Mac OS X 10_11_6) AppleWebKit/537.36 (KHTML, like Gecko) Chrome/63.0.3239.84 Safari/537.36",
  "accept": "text/css,*/*;q=0.1",
  "referer": "http://localhost:5000/home.html",
  "accept-encoding": "gzip, deflate, br",
  "accept-language": "en-US,en;q=0.9",
  "cookie": "logInFailed=true; loginFailed=false,Expires=Thu, 01 Jan 1970 00:00:00 GMT; sessionid=0,Expires=Thu, 01 Jan 1970 00:00:00 GMT"
}
COOKIES=> {
  "logInFailed": "true",
  "loginFailed": "false,Expires",
  "sessionid": "0,Expires"
}
BODY=> {}
------------------------------
Tue Jan 09 2018 3:32:33 PM
GET /images/freshorigins.jpg
HEADERS=> {
  "host": "localhost:5000",
  "connection": "keep-alive",
  "user-agent": "Mozilla/5.0 (Macintosh; Intel Mac OS X 10_11_6) AppleWebKit/537.36 (KHTML, like Gecko) Chrome/63.0.3239.84 Safari/537.36",
  "accept": "image/webp,image/apng,image/*,*/*;q=0.8",
  "referer": "http://localhost:5000/home.html",
  "accept-encoding": "gzip, deflate, br",
  "accept-language": "en-US,en;q=0.9",
  "cookie": "logInFailed=true; loginFailed=false,Expires=Thu, 01 Jan 1970 00:00:00 GMT; sessionid=0,Expires=Thu, 01 Jan 1970 00:00:00 GMT"
}
COOKIES=> {
  "logInFailed": "true",
  "loginFailed": "false,Expires",
  "sessionid": "0,Expires"
}
BODY=> {}
------------------------------
Tue Jan 09 2018 3:32:33 PM
GET /js/flowerWebsite.js
HEADERS=> {
  "host": "localhost:5000",
  "connection": "keep-alive",
  "user-agent": "Mozilla/5.0 (Macintosh; Intel Mac OS X 10_11_6) AppleWebKit/537.36 (KHTML, like Gecko) Chrome/63.0.3239.84 Safari/537.36",
  "accept": "*/*",
  "referer": "http://localhost:5000/home.html",
  "accept-encoding": "gzip, deflate, br",
  "accept-language": "en-US,en;q=0.9",
  "cookie": "logInFailed=true; loginFailed=false,Expires=Thu, 01 Jan 1970 00:00:00 GMT; sessionid=0,Expires=Thu, 01 Jan 1970 00:00:00 GMT"
}
COOKIES=> {
  "logInFailed": "true",
  "loginFailed": "false,Expires",
  "sessionid": "0,Expires"
}
BODY=> {}
------------------------------
Tue Jan 09 2018 3:32:33 PM
GET /images/animated-flower-image-0021.gif
HEADERS=> {
  "host": "localhost:5000",
  "connection": "keep-alive",
  "user-agent": "Mozilla/5.0 (Macintosh; Intel Mac OS X 10_11_6) AppleWebKit/537.36 (KHTML, like Gecko) Chrome/63.0.3239.84 Safari/537.36",
  "accept": "image/webp,image/apng,image/*,*/*;q=0.8",
  "referer": "http://localhost:5000/home.html",
  "accept-encoding": "gzip, deflate, br",
  "accept-language": "en-US,en;q=0.9",
  "cookie": "logInFailed=true; loginFailed=false,Expires=Thu, 01 Jan 1970 00:00:00 GMT; sessionid=0,Expires=Thu, 01 Jan 1970 00:00:00 GMT"
}
COOKIES=> {
  "logInFailed": "true",
  "loginFailed": "false,Expires",
  "sessionid": "0,Expires"
}
BODY=> {}
------------------------------
Tue Jan 09 2018 3:33:04 PM
GET /home.html
HEADERS=> {
  "host": "localhost:5000",
  "connection": "keep-alive",
  "cache-control": "max-age=0",
  "user-agent": "Mozilla/5.0 (Macintosh; Intel Mac OS X 10_11_6) AppleWebKit/537.36 (KHTML, like Gecko) Chrome/63.0.3239.84 Safari/537.36",
  "upgrade-insecure-requests": "1",
  "accept": "text/html,application/xhtml+xml,application/xml;q=0.9,image/webp,image/apng,*/*;q=0.8",
  "accept-encoding": "gzip, deflate, br",
  "accept-language": "en-US,en;q=0.9",
  "cookie": "logInFailed=true; loginFailed=false,Expires=Thu, 01 Jan 1970 00:00:00 GMT; sessionid=0,Expires=Thu, 01 Jan 1970 00:00:00 GMT"
}
COOKIES=> {
  "logInFailed": "true",
  "loginFailed": "false,Expires",
  "sessionid": "0,Expires"
}
BODY=> {}
------------------------------
Tue Jan 09 2018 3:33:04 PM
GET /css/style.css
HEADERS=> {
  "host": "localhost:5000",
  "connection": "keep-alive",
  "user-agent": "Mozilla/5.0 (Macintosh; Intel Mac OS X 10_11_6) AppleWebKit/537.36 (KHTML, like Gecko) Chrome/63.0.3239.84 Safari/537.36",
  "accept": "text/css,*/*;q=0.1",
  "referer": "http://localhost:5000/home.html",
  "accept-encoding": "gzip, deflate, br",
  "accept-language": "en-US,en;q=0.9",
  "cookie": "logInFailed=true; loginFailed=false,Expires=Thu, 01 Jan 1970 00:00:00 GMT; sessionid=0,Expires=Thu, 01 Jan 1970 00:00:00 GMT"
}
COOKIES=> {
  "logInFailed": "true",
  "loginFailed": "false,Expires",
  "sessionid": "0,Expires"
}
BODY=> {}
------------------------------
Tue Jan 09 2018 3:33:04 PM
GET /images/freshorigins.jpg
HEADERS=> {
  "host": "localhost:5000",
  "connection": "keep-alive",
  "user-agent": "Mozilla/5.0 (Macintosh; Intel Mac OS X 10_11_6) AppleWebKit/537.36 (KHTML, like Gecko) Chrome/63.0.3239.84 Safari/537.36",
  "accept": "image/webp,image/apng,image/*,*/*;q=0.8",
  "referer": "http://localhost:5000/home.html",
  "accept-encoding": "gzip, deflate, br",
  "accept-language": "en-US,en;q=0.9",
  "cookie": "logInFailed=true; loginFailed=false,Expires=Thu, 01 Jan 1970 00:00:00 GMT; sessionid=0,Expires=Thu, 01 Jan 1970 00:00:00 GMT"
}
COOKIES=> {
  "logInFailed": "true",
  "loginFailed": "false,Expires",
  "sessionid": "0,Expires"
}
BODY=> {}
------------------------------
Tue Jan 09 2018 3:33:04 PM
GET /js/flowerWebsite.js
HEADERS=> {
  "host": "localhost:5000",
  "connection": "keep-alive",
  "user-agent": "Mozilla/5.0 (Macintosh; Intel Mac OS X 10_11_6) AppleWebKit/537.36 (KHTML, like Gecko) Chrome/63.0.3239.84 Safari/537.36",
  "accept": "*/*",
  "referer": "http://localhost:5000/home.html",
  "accept-encoding": "gzip, deflate, br",
  "accept-language": "en-US,en;q=0.9",
  "cookie": "logInFailed=true; loginFailed=false,Expires=Thu, 01 Jan 1970 00:00:00 GMT; sessionid=0,Expires=Thu, 01 Jan 1970 00:00:00 GMT"
}
COOKIES=> {
  "logInFailed": "true",
  "loginFailed": "false,Expires",
  "sessionid": "0,Expires"
}
BODY=> {}
------------------------------
Tue Jan 09 2018 3:33:04 PM
GET /images/animated-flower-image-0021.gif
HEADERS=> {
  "host": "localhost:5000",
  "connection": "keep-alive",
  "user-agent": "Mozilla/5.0 (Macintosh; Intel Mac OS X 10_11_6) AppleWebKit/537.36 (KHTML, like Gecko) Chrome/63.0.3239.84 Safari/537.36",
  "accept": "image/webp,image/apng,image/*,*/*;q=0.8",
  "referer": "http://localhost:5000/home.html",
  "accept-encoding": "gzip, deflate, br",
  "accept-language": "en-US,en;q=0.9",
  "cookie": "logInFailed=true; loginFailed=false,Expires=Thu, 01 Jan 1970 00:00:00 GMT; sessionid=0,Expires=Thu, 01 Jan 1970 00:00:00 GMT"
}
COOKIES=> {
  "logInFailed": "true",
  "loginFailed": "false,Expires",
  "sessionid": "0,Expires"
}
BODY=> {}
------------------------------
Tue Jan 09 2018 3:33:10 PM
GET /
HEADERS=> {
  "host": "localhost:5000",
  "connection": "keep-alive",
  "user-agent": "Mozilla/5.0 (Macintosh; Intel Mac OS X 10_11_6) AppleWebKit/537.36 (KHTML, like Gecko) Chrome/63.0.3239.84 Safari/537.36",
  "upgrade-insecure-requests": "1",
  "accept": "text/html,application/xhtml+xml,application/xml;q=0.9,image/webp,image/apng,*/*;q=0.8",
  "accept-encoding": "gzip, deflate, br",
  "accept-language": "en-US,en;q=0.9",
  "cookie": "logInFailed=true; loginFailed=false,Expires=Thu, 01 Jan 1970 00:00:00 GMT; sessionid=0,Expires=Thu, 01 Jan 1970 00:00:00 GMT"
}
COOKIES=> {
  "logInFailed": "true",
  "loginFailed": "false,Expires",
  "sessionid": "0,Expires"
}
BODY=> {}
------------------------------
Tue Jan 09 2018 3:33:10 PM
GET /home.html
HEADERS=> {
  "host": "localhost:5000",
  "connection": "keep-alive",
  "user-agent": "Mozilla/5.0 (Macintosh; Intel Mac OS X 10_11_6) AppleWebKit/537.36 (KHTML, like Gecko) Chrome/63.0.3239.84 Safari/537.36",
  "upgrade-insecure-requests": "1",
  "accept": "text/html,application/xhtml+xml,application/xml;q=0.9,image/webp,image/apng,*/*;q=0.8",
  "accept-encoding": "gzip, deflate, br",
  "accept-language": "en-US,en;q=0.9",
  "cookie": "logInFailed=true; loginFailed=false,Expires=Thu, 01 Jan 1970 00:00:00 GMT; sessionid=0,Expires=Thu, 01 Jan 1970 00:00:00 GMT"
}
COOKIES=> {
  "logInFailed": "true",
  "loginFailed": "false,Expires",
  "sessionid": "0,Expires"
}
BODY=> {}
------------------------------
Tue Jan 09 2018 3:33:10 PM
GET /css/style.css
HEADERS=> {
  "host": "localhost:5000",
  "connection": "keep-alive",
  "user-agent": "Mozilla/5.0 (Macintosh; Intel Mac OS X 10_11_6) AppleWebKit/537.36 (KHTML, like Gecko) Chrome/63.0.3239.84 Safari/537.36",
  "accept": "text/css,*/*;q=0.1",
  "referer": "http://localhost:5000/home.html",
  "accept-encoding": "gzip, deflate, br",
  "accept-language": "en-US,en;q=0.9",
  "cookie": "logInFailed=true; loginFailed=false,Expires=Thu, 01 Jan 1970 00:00:00 GMT; sessionid=0,Expires=Thu, 01 Jan 1970 00:00:00 GMT"
}
COOKIES=> {
  "logInFailed": "true",
  "loginFailed": "false,Expires",
  "sessionid": "0,Expires"
}
BODY=> {}
------------------------------
Tue Jan 09 2018 3:33:10 PM
GET /images/freshorigins.jpg
HEADERS=> {
  "host": "localhost:5000",
  "connection": "keep-alive",
  "user-agent": "Mozilla/5.0 (Macintosh; Intel Mac OS X 10_11_6) AppleWebKit/537.36 (KHTML, like Gecko) Chrome/63.0.3239.84 Safari/537.36",
  "accept": "image/webp,image/apng,image/*,*/*;q=0.8",
  "referer": "http://localhost:5000/home.html",
  "accept-encoding": "gzip, deflate, br",
  "accept-language": "en-US,en;q=0.9",
  "cookie": "logInFailed=true; loginFailed=false,Expires=Thu, 01 Jan 1970 00:00:00 GMT; sessionid=0,Expires=Thu, 01 Jan 1970 00:00:00 GMT"
}
COOKIES=> {
  "logInFailed": "true",
  "loginFailed": "false,Expires",
  "sessionid": "0,Expires"
}
BODY=> {}
------------------------------
Tue Jan 09 2018 3:33:10 PM
GET /js/flowerWebsite.js
HEADERS=> {
  "host": "localhost:5000",
  "connection": "keep-alive",
  "user-agent": "Mozilla/5.0 (Macintosh; Intel Mac OS X 10_11_6) AppleWebKit/537.36 (KHTML, like Gecko) Chrome/63.0.3239.84 Safari/537.36",
  "accept": "*/*",
  "referer": "http://localhost:5000/home.html",
  "accept-encoding": "gzip, deflate, br",
  "accept-language": "en-US,en;q=0.9",
  "cookie": "logInFailed=true; loginFailed=false,Expires=Thu, 01 Jan 1970 00:00:00 GMT; sessionid=0,Expires=Thu, 01 Jan 1970 00:00:00 GMT"
}
COOKIES=> {
  "logInFailed": "true",
  "loginFailed": "false,Expires",
  "sessionid": "0,Expires"
}
BODY=> {}
------------------------------
Tue Jan 09 2018 3:33:10 PM
GET /images/animated-flower-image-0021.gif
HEADERS=> {
  "host": "localhost:5000",
  "connection": "keep-alive",
  "user-agent": "Mozilla/5.0 (Macintosh; Intel Mac OS X 10_11_6) AppleWebKit/537.36 (KHTML, like Gecko) Chrome/63.0.3239.84 Safari/537.36",
  "accept": "image/webp,image/apng,image/*,*/*;q=0.8",
  "referer": "http://localhost:5000/home.html",
  "accept-encoding": "gzip, deflate, br",
  "accept-language": "en-US,en;q=0.9",
  "cookie": "logInFailed=true; loginFailed=false,Expires=Thu, 01 Jan 1970 00:00:00 GMT; sessionid=0,Expires=Thu, 01 Jan 1970 00:00:00 GMT"
}
COOKIES=> {
  "logInFailed": "true",
  "loginFailed": "false,Expires",
  "sessionid": "0,Expires"
}
BODY=> {}
------------------------------
Tue Jan 09 2018 3:33:18 PM
GET /home.html
HEADERS=> {
  "host": "localhost:5000",
  "connection": "keep-alive",
  "cache-control": "max-age=0",
  "user-agent": "Mozilla/5.0 (Macintosh; Intel Mac OS X 10_11_6) AppleWebKit/537.36 (KHTML, like Gecko) Chrome/63.0.3239.84 Safari/537.36",
  "upgrade-insecure-requests": "1",
  "accept": "text/html,application/xhtml+xml,application/xml;q=0.9,image/webp,image/apng,*/*;q=0.8",
  "accept-encoding": "gzip, deflate, br",
  "accept-language": "en-US,en;q=0.9",
  "cookie": "logInFailed=true; loginFailed=false,Expires=Thu, 01 Jan 1970 00:00:00 GMT; sessionid=0,Expires=Thu, 01 Jan 1970 00:00:00 GMT"
}
COOKIES=> {
  "logInFailed": "true",
  "loginFailed": "false,Expires",
  "sessionid": "0,Expires"
}
BODY=> {}
------------------------------
Tue Jan 09 2018 3:33:18 PM
GET /css/style.css
HEADERS=> {
  "host": "localhost:5000",
  "connection": "keep-alive",
  "user-agent": "Mozilla/5.0 (Macintosh; Intel Mac OS X 10_11_6) AppleWebKit/537.36 (KHTML, like Gecko) Chrome/63.0.3239.84 Safari/537.36",
  "accept": "text/css,*/*;q=0.1",
  "referer": "http://localhost:5000/home.html",
  "accept-encoding": "gzip, deflate, br",
  "accept-language": "en-US,en;q=0.9",
  "cookie": "logInFailed=true; loginFailed=false,Expires=Thu, 01 Jan 1970 00:00:00 GMT; sessionid=0,Expires=Thu, 01 Jan 1970 00:00:00 GMT"
}
COOKIES=> {
  "logInFailed": "true",
  "loginFailed": "false,Expires",
  "sessionid": "0,Expires"
}
BODY=> {}
------------------------------
Tue Jan 09 2018 3:33:18 PM
GET /images/freshorigins.jpg
HEADERS=> {
  "host": "localhost:5000",
  "connection": "keep-alive",
  "user-agent": "Mozilla/5.0 (Macintosh; Intel Mac OS X 10_11_6) AppleWebKit/537.36 (KHTML, like Gecko) Chrome/63.0.3239.84 Safari/537.36",
  "accept": "image/webp,image/apng,image/*,*/*;q=0.8",
  "referer": "http://localhost:5000/home.html",
  "accept-encoding": "gzip, deflate, br",
  "accept-language": "en-US,en;q=0.9",
  "cookie": "logInFailed=true; loginFailed=false,Expires=Thu, 01 Jan 1970 00:00:00 GMT; sessionid=0,Expires=Thu, 01 Jan 1970 00:00:00 GMT"
}
COOKIES=> {
  "logInFailed": "true",
  "loginFailed": "false,Expires",
  "sessionid": "0,Expires"
}
BODY=> {}
------------------------------
Tue Jan 09 2018 3:33:18 PM
GET /js/flowerWebsite.js
HEADERS=> {
  "host": "localhost:5000",
  "connection": "keep-alive",
  "user-agent": "Mozilla/5.0 (Macintosh; Intel Mac OS X 10_11_6) AppleWebKit/537.36 (KHTML, like Gecko) Chrome/63.0.3239.84 Safari/537.36",
  "accept": "*/*",
  "referer": "http://localhost:5000/home.html",
  "accept-encoding": "gzip, deflate, br",
  "accept-language": "en-US,en;q=0.9",
  "cookie": "logInFailed=true; loginFailed=false,Expires=Thu, 01 Jan 1970 00:00:00 GMT; sessionid=0,Expires=Thu, 01 Jan 1970 00:00:00 GMT"
}
COOKIES=> {
  "logInFailed": "true",
  "loginFailed": "false,Expires",
  "sessionid": "0,Expires"
}
BODY=> {}
------------------------------
Tue Jan 09 2018 3:33:18 PM
GET /images/animated-flower-image-0021.gif
HEADERS=> {
  "host": "localhost:5000",
  "connection": "keep-alive",
  "user-agent": "Mozilla/5.0 (Macintosh; Intel Mac OS X 10_11_6) AppleWebKit/537.36 (KHTML, like Gecko) Chrome/63.0.3239.84 Safari/537.36",
  "accept": "image/webp,image/apng,image/*,*/*;q=0.8",
  "referer": "http://localhost:5000/home.html",
  "accept-encoding": "gzip, deflate, br",
  "accept-language": "en-US,en;q=0.9",
  "cookie": "logInFailed=true; loginFailed=false,Expires=Thu, 01 Jan 1970 00:00:00 GMT; sessionid=0,Expires=Thu, 01 Jan 1970 00:00:00 GMT"
}
COOKIES=> {
  "logInFailed": "true",
  "loginFailed": "false,Expires",
  "sessionid": "0,Expires"
}
BODY=> {}
------------------------------
Tue Jan 09 2018 3:35:11 PM
GET /home.html
HEADERS=> {
  "host": "localhost:5000",
  "connection": "keep-alive",
  "cache-control": "max-age=0",
  "user-agent": "Mozilla/5.0 (Macintosh; Intel Mac OS X 10_11_6) AppleWebKit/537.36 (KHTML, like Gecko) Chrome/63.0.3239.84 Safari/537.36",
  "upgrade-insecure-requests": "1",
  "accept": "text/html,application/xhtml+xml,application/xml;q=0.9,image/webp,image/apng,*/*;q=0.8",
  "accept-encoding": "gzip, deflate, br",
  "accept-language": "en-US,en;q=0.9",
  "cookie": "logInFailed=true; loginFailed=false,Expires=Thu, 01 Jan 1970 00:00:00 GMT; sessionid=0,Expires=Thu, 01 Jan 1970 00:00:00 GMT"
}
COOKIES=> {
  "logInFailed": "true",
  "loginFailed": "false,Expires",
  "sessionid": "0,Expires"
}
BODY=> {}
------------------------------
Tue Jan 09 2018 3:35:11 PM
GET /css/style.css
HEADERS=> {
  "host": "localhost:5000",
  "connection": "keep-alive",
  "user-agent": "Mozilla/5.0 (Macintosh; Intel Mac OS X 10_11_6) AppleWebKit/537.36 (KHTML, like Gecko) Chrome/63.0.3239.84 Safari/537.36",
  "accept": "text/css,*/*;q=0.1",
  "referer": "http://localhost:5000/home.html",
  "accept-encoding": "gzip, deflate, br",
  "accept-language": "en-US,en;q=0.9",
  "cookie": "logInFailed=true; loginFailed=false,Expires=Thu, 01 Jan 1970 00:00:00 GMT; sessionid=0,Expires=Thu, 01 Jan 1970 00:00:00 GMT"
}
COOKIES=> {
  "logInFailed": "true",
  "loginFailed": "false,Expires",
  "sessionid": "0,Expires"
}
BODY=> {}
------------------------------
Tue Jan 09 2018 3:35:11 PM
GET /images/freshorigins.jpg
HEADERS=> {
  "host": "localhost:5000",
  "connection": "keep-alive",
  "user-agent": "Mozilla/5.0 (Macintosh; Intel Mac OS X 10_11_6) AppleWebKit/537.36 (KHTML, like Gecko) Chrome/63.0.3239.84 Safari/537.36",
  "accept": "image/webp,image/apng,image/*,*/*;q=0.8",
  "referer": "http://localhost:5000/home.html",
  "accept-encoding": "gzip, deflate, br",
  "accept-language": "en-US,en;q=0.9",
  "cookie": "logInFailed=true; loginFailed=false,Expires=Thu, 01 Jan 1970 00:00:00 GMT; sessionid=0,Expires=Thu, 01 Jan 1970 00:00:00 GMT"
}
COOKIES=> {
  "logInFailed": "true",
  "loginFailed": "false,Expires",
  "sessionid": "0,Expires"
}
BODY=> {}
------------------------------
Tue Jan 09 2018 3:35:11 PM
GET /js/flowerWebsite.js
HEADERS=> {
  "host": "localhost:5000",
  "connection": "keep-alive",
  "user-agent": "Mozilla/5.0 (Macintosh; Intel Mac OS X 10_11_6) AppleWebKit/537.36 (KHTML, like Gecko) Chrome/63.0.3239.84 Safari/537.36",
  "accept": "*/*",
  "referer": "http://localhost:5000/home.html",
  "accept-encoding": "gzip, deflate, br",
  "accept-language": "en-US,en;q=0.9",
  "cookie": "logInFailed=true; loginFailed=false,Expires=Thu, 01 Jan 1970 00:00:00 GMT; sessionid=0,Expires=Thu, 01 Jan 1970 00:00:00 GMT"
}
COOKIES=> {
  "logInFailed": "true",
  "loginFailed": "false,Expires",
  "sessionid": "0,Expires"
}
BODY=> {}
------------------------------
Tue Jan 09 2018 3:35:11 PM
GET /images/animated-flower-image-0021.gif
HEADERS=> {
  "host": "localhost:5000",
  "connection": "keep-alive",
  "user-agent": "Mozilla/5.0 (Macintosh; Intel Mac OS X 10_11_6) AppleWebKit/537.36 (KHTML, like Gecko) Chrome/63.0.3239.84 Safari/537.36",
  "accept": "image/webp,image/apng,image/*,*/*;q=0.8",
  "referer": "http://localhost:5000/home.html",
  "accept-encoding": "gzip, deflate, br",
  "accept-language": "en-US,en;q=0.9",
  "cookie": "logInFailed=true; loginFailed=false,Expires=Thu, 01 Jan 1970 00:00:00 GMT; sessionid=0,Expires=Thu, 01 Jan 1970 00:00:00 GMT"
}
COOKIES=> {
  "logInFailed": "true",
  "loginFailed": "false,Expires",
  "sessionid": "0,Expires"
}
BODY=> {}
------------------------------
Tue Jan 09 2018 3:39:07 PM
GET /home.html
HEADERS=> {
  "host": "localhost:5000",
  "connection": "keep-alive",
  "cache-control": "max-age=0",
  "user-agent": "Mozilla/5.0 (Macintosh; Intel Mac OS X 10_11_6) AppleWebKit/537.36 (KHTML, like Gecko) Chrome/63.0.3239.84 Safari/537.36",
  "upgrade-insecure-requests": "1",
  "accept": "text/html,application/xhtml+xml,application/xml;q=0.9,image/webp,image/apng,*/*;q=0.8",
  "accept-encoding": "gzip, deflate, br",
  "accept-language": "en-US,en;q=0.9",
  "cookie": "logInFailed=true; loginFailed=false,Expires=Thu, 01 Jan 1970 00:00:00 GMT; sessionid=0,Expires=Thu, 01 Jan 1970 00:00:00 GMT"
}
COOKIES=> {
  "logInFailed": "true",
  "loginFailed": "false,Expires",
  "sessionid": "0,Expires"
}
BODY=> {}
------------------------------
Tue Jan 09 2018 3:39:07 PM
GET /css/style.css
HEADERS=> {
  "host": "localhost:5000",
  "connection": "keep-alive",
  "user-agent": "Mozilla/5.0 (Macintosh; Intel Mac OS X 10_11_6) AppleWebKit/537.36 (KHTML, like Gecko) Chrome/63.0.3239.84 Safari/537.36",
  "accept": "text/css,*/*;q=0.1",
  "referer": "http://localhost:5000/home.html",
  "accept-encoding": "gzip, deflate, br",
  "accept-language": "en-US,en;q=0.9",
  "cookie": "logInFailed=true; loginFailed=false,Expires=Thu, 01 Jan 1970 00:00:00 GMT; sessionid=0,Expires=Thu, 01 Jan 1970 00:00:00 GMT"
}
COOKIES=> {
  "logInFailed": "true",
  "loginFailed": "false,Expires",
  "sessionid": "0,Expires"
}
BODY=> {}
------------------------------
Tue Jan 09 2018 3:39:07 PM
GET /images/freshorigins.jpg
HEADERS=> {
  "host": "localhost:5000",
  "connection": "keep-alive",
  "user-agent": "Mozilla/5.0 (Macintosh; Intel Mac OS X 10_11_6) AppleWebKit/537.36 (KHTML, like Gecko) Chrome/63.0.3239.84 Safari/537.36",
  "accept": "image/webp,image/apng,image/*,*/*;q=0.8",
  "referer": "http://localhost:5000/home.html",
  "accept-encoding": "gzip, deflate, br",
  "accept-language": "en-US,en;q=0.9",
  "cookie": "logInFailed=true; loginFailed=false,Expires=Thu, 01 Jan 1970 00:00:00 GMT; sessionid=0,Expires=Thu, 01 Jan 1970 00:00:00 GMT"
}
COOKIES=> {
  "logInFailed": "true",
  "loginFailed": "false,Expires",
  "sessionid": "0,Expires"
}
BODY=> {}
------------------------------
Tue Jan 09 2018 3:39:07 PM
GET /js/flowerWebsite.js
HEADERS=> {
  "host": "localhost:5000",
  "connection": "keep-alive",
  "user-agent": "Mozilla/5.0 (Macintosh; Intel Mac OS X 10_11_6) AppleWebKit/537.36 (KHTML, like Gecko) Chrome/63.0.3239.84 Safari/537.36",
  "accept": "*/*",
  "referer": "http://localhost:5000/home.html",
  "accept-encoding": "gzip, deflate, br",
  "accept-language": "en-US,en;q=0.9",
  "cookie": "logInFailed=true; loginFailed=false,Expires=Thu, 01 Jan 1970 00:00:00 GMT; sessionid=0,Expires=Thu, 01 Jan 1970 00:00:00 GMT"
}
COOKIES=> {
  "logInFailed": "true",
  "loginFailed": "false,Expires",
  "sessionid": "0,Expires"
}
BODY=> {}
------------------------------
Tue Jan 09 2018 3:39:07 PM
GET /images/animated-flower-image-0021.gif
HEADERS=> {
  "host": "localhost:5000",
  "connection": "keep-alive",
  "user-agent": "Mozilla/5.0 (Macintosh; Intel Mac OS X 10_11_6) AppleWebKit/537.36 (KHTML, like Gecko) Chrome/63.0.3239.84 Safari/537.36",
  "accept": "image/webp,image/apng,image/*,*/*;q=0.8",
  "referer": "http://localhost:5000/home.html",
  "accept-encoding": "gzip, deflate, br",
  "accept-language": "en-US,en;q=0.9",
  "cookie": "logInFailed=true; loginFailed=false,Expires=Thu, 01 Jan 1970 00:00:00 GMT; sessionid=0,Expires=Thu, 01 Jan 1970 00:00:00 GMT"
}
COOKIES=> {
  "logInFailed": "true",
  "loginFailed": "false,Expires",
  "sessionid": "0,Expires"
}
BODY=> {}
